[2016-10-21 09:54:48] appCompta.INFO: Matched route "users_api". {"route_parameters":{"_controller":"appCompta\\Controller\\UserController::getAllUsers","_route":"users_api"},"request_uri":"http://appcompta/api/users"} []
[2016-10-21 09:54:48] appCompta.INFO: > GET /api/users [] []
[2016-10-21 09:54:48] appCompta.CRITICAL: Symfony\Component\Debug\Exception\ContextErrorException: Notice: Undefined offset: 1 (uncaught exception) at /home/pcapprenant17/Documents/appCompta/src/Controller/UserController.php line 31 {"exception":"[object] (Symfony\\Component\\Debug\\Exception\\ContextErrorException(code: 0): Notice: Undefined offset: 1 at /home/pcapprenant17/Documents/appCompta/src/Controller/UserController.php:31)"} []
[2016-10-21 09:54:48] appCompta.INFO: < 500 [] []
[2016-10-21 10:07:00] appCompta.INFO: Matched route "users_api". {"route_parameters":{"_controller":"appCompta\\Controller\\UserController::getAllUsers","_route":"users_api"},"request_uri":"http://appcompta/api/users"} []
[2016-10-21 10:07:00] appCompta.INFO: > GET /api/users [] []
[2016-10-21 10:07:00] appCompta.CRITICAL: Symfony\Component\Debug\Exception\ContextErrorException: Warning: array_push() expects parameter 1 to be array, null given (uncaught exception) at /home/pcapprenant17/Documents/appCompta/src/Controller/UserController.php line 24 {"exception":"[object] (Symfony\\Component\\Debug\\Exception\\ContextErrorException(code: 0): Warning: array_push() expects parameter 1 to be array, null given at /home/pcapprenant17/Documents/appCompta/src/Controller/UserController.php:24)"} []
[2016-10-21 10:07:00] appCompta.INFO: < 500 [] []
[2016-10-21 10:07:36] appCompta.INFO: Matched route "users_api". {"route_parameters":{"_controller":"appCompta\\Controller\\UserController::getAllUsers","_route":"users_api"},"request_uri":"http://appcompta/api/users"} []
[2016-10-21 10:07:36] appCompta.INFO: > GET /api/users [] []
[2016-10-21 10:08:05] appCompta.INFO: Matched route "users_api". {"route_parameters":{"_controller":"appCompta\\Controller\\UserController::getAllUsers","_route":"users_api"},"request_uri":"http://appcompta/api/users"} []
[2016-10-21 10:08:05] appCompta.INFO: > GET /api/users [] []
[2016-10-21 10:08:18] appCompta.INFO: Matched route "users_api". {"route_parameters":{"_controller":"appCompta\\Controller\\UserController::getAllUsers","_route":"users_api"},"request_uri":"http://appcompta/api/users"} []
[2016-10-21 10:08:18] appCompta.INFO: > GET /api/users [] []
[2016-10-21 10:08:18] appCompta.CRITICAL: Symfony\Component\Debug\Exception\ContextErrorException: Warning: array_push() expects parameter 1 to be array, null given (uncaught exception) at /home/pcapprenant17/Documents/appCompta/src/Controller/UserController.php line 24 {"exception":"[object] (Symfony\\Component\\Debug\\Exception\\ContextErrorException(code: 0): Warning: array_push() expects parameter 1 to be array, null given at /home/pcapprenant17/Documents/appCompta/src/Controller/UserController.php:24)"} []
[2016-10-21 10:08:18] appCompta.INFO: < 500 [] []
[2016-10-21 10:08:26] appCompta.INFO: Matched route "users_api". {"route_parameters":{"_controller":"appCompta\\Controller\\UserController::getAllUsers","_route":"users_api"},"request_uri":"http://appcompta/api/users"} []
[2016-10-21 10:08:26] appCompta.INFO: > GET /api/users [] []
[2016-10-21 10:08:31] appCompta.INFO: Matched route "users_api". {"route_parameters":{"_controller":"appCompta\\Controller\\UserController::getAllUsers","_route":"users_api"},"request_uri":"http://appcompta/api/users"} []
[2016-10-21 10:08:31] appCompta.INFO: > GET /api/users [] []
[2016-10-21 10:08:31] appCompta.CRITICAL: Symfony\Component\Debug\Exception\ContextErrorException: Notice: Undefined offset: 1 (uncaught exception) at /home/pcapprenant17/Documents/appCompta/src/Controller/UserController.php line 31 {"exception":"[object] (Symfony\\Component\\Debug\\Exception\\ContextErrorException(code: 0): Notice: Undefined offset: 1 at /home/pcapprenant17/Documents/appCompta/src/Controller/UserController.php:31)"} []
[2016-10-21 10:08:31] appCompta.INFO: < 500 [] []
[2016-10-21 10:10:35] appCompta.INFO: Matched route "users_api". {"route_parameters":{"_controller":"appCompta\\Controller\\UserController::getAllUsers","_route":"users_api"},"request_uri":"http://appcompta/api/users"} []
[2016-10-21 10:10:35] appCompta.INFO: > GET /api/users [] []
[2016-10-21 10:10:35] appCompta.CRITICAL: Symfony\Component\Debug\Exception\ContextErrorException: Warning: array_push() expects parameter 1 to be array, null given (uncaught exception) at /home/pcapprenant17/Documents/appCompta/src/Controller/UserController.php line 24 {"exception":"[object] (Symfony\\Component\\Debug\\Exception\\ContextErrorException(code: 0): Warning: array_push() expects parameter 1 to be array, null given at /home/pcapprenant17/Documents/appCompta/src/Controller/UserController.php:24)"} []
[2016-10-21 10:10:35] appCompta.INFO: < 500 [] []
[2016-10-21 10:12:22] appCompta.INFO: Matched route "users_api". {"route_parameters":{"_controller":"appCompta\\Controller\\UserController::getAllUsers","_route":"users_api"},"request_uri":"http://appcompta/api/users"} []
[2016-10-21 10:12:22] appCompta.INFO: > GET /api/users [] []
[2016-10-21 10:12:22] appCompta.CRITICAL: Symfony\Component\Debug\Exception\ContextErrorException: Warning: array_push() expects parameter 1 to be array, null given (uncaught exception) at /home/pcapprenant17/Documents/appCompta/src/Controller/UserController.php line 24 {"exception":"[object] (Symfony\\Component\\Debug\\Exception\\ContextErrorException(code: 0): Warning: array_push() expects parameter 1 to be array, null given at /home/pcapprenant17/Documents/appCompta/src/Controller/UserController.php:24)"} []
[2016-10-21 10:12:22] appCompta.INFO: < 500 [] []
[2016-10-21 10:12:29] appCompta.INFO: Matched route "users_api". {"route_parameters":{"_controller":"appCompta\\Controller\\UserController::getAllUsers","_route":"users_api"},"request_uri":"http://appcompta/api/users"} []
[2016-10-21 10:12:29] appCompta.INFO: > GET /api/users [] []
[2016-10-21 10:12:56] appCompta.INFO: Matched route "users_api". {"route_parameters":{"_controller":"appCompta\\Controller\\UserController::getAllUsers","_route":"users_api"},"request_uri":"http://appcompta/api/users"} []
[2016-10-21 10:12:56] appCompta.INFO: > GET /api/users [] []
[2016-10-21 10:16:41] appCompta.INFO: Matched route "users_api". {"route_parameters":{"_controller":"appCompta\\Controller\\UserController::getAllUsers","_route":"users_api"},"request_uri":"http://appcompta/api/users"} []
[2016-10-21 10:16:41] appCompta.INFO: > GET /api/users [] []
[2016-10-21 10:16:41] appCompta.CRITICAL: Symfony\Component\Debug\Exception\ContextErrorException: Notice: Undefined offset: 1 (uncaught exception) at /home/pcapprenant17/Documents/appCompta/src/Controller/UserController.php line 34 {"exception":"[object] (Symfony\\Component\\Debug\\Exception\\ContextErrorException(code: 0): Notice: Undefined offset: 1 at /home/pcapprenant17/Documents/appCompta/src/Controller/UserController.php:34)"} []
[2016-10-21 10:16:41] appCompta.INFO: < 500 [] []
[2016-10-21 10:17:40] appCompta.INFO: Matched route "users_api". {"route_parameters":{"_controller":"appCompta\\Controller\\UserController::getAllUsers","_route":"users_api"},"request_uri":"http://appcompta/api/users"} []
[2016-10-21 10:17:40] appCompta.INFO: > GET /api/users [] []
[2016-10-21 10:17:40] appCompta.CRITICAL: Symfony\Component\Debug\Exception\ContextErrorException: Notice: Undefined offset: 1 (uncaught exception) at /home/pcapprenant17/Documents/appCompta/src/Controller/UserController.php line 34 {"exception":"[object] (Symfony\\Component\\Debug\\Exception\\ContextErrorException(code: 0): Notice: Undefined offset: 1 at /home/pcapprenant17/Documents/appCompta/src/Controller/UserController.php:34)"} []
[2016-10-21 10:17:40] appCompta.INFO: < 500 [] []
[2016-10-21 10:17:41] appCompta.INFO: Matched route "users_api". {"route_parameters":{"_controller":"appCompta\\Controller\\UserController::getAllUsers","_route":"users_api"},"request_uri":"http://appcompta/api/users"} []
[2016-10-21 10:17:41] appCompta.INFO: > GET /api/users [] []
[2016-10-21 10:17:41] appCompta.CRITICAL: Symfony\Component\Debug\Exception\ContextErrorException: Notice: Undefined offset: 1 (uncaught exception) at /home/pcapprenant17/Documents/appCompta/src/Controller/UserController.php line 34 {"exception":"[object] (Symfony\\Component\\Debug\\Exception\\ContextErrorException(code: 0): Notice: Undefined offset: 1 at /home/pcapprenant17/Documents/appCompta/src/Controller/UserController.php:34)"} []
[2016-10-21 10:17:41] appCompta.INFO: < 500 [] []
[2016-10-21 10:18:29] appCompta.INFO: Matched route "users_api". {"route_parameters":{"_controller":"appCompta\\Controller\\UserController::getAllUsers","_route":"users_api"},"request_uri":"http://appcompta/api/users"} []
[2016-10-21 10:18:29] appCompta.INFO: > GET /api/users [] []
[2016-10-21 10:18:29] appCompta.CRITICAL: Symfony\Component\Debug\Exception\ContextErrorException: Notice: Undefined offset: 1 (uncaught exception) at /home/pcapprenant17/Documents/appCompta/src/Controller/UserController.php line 34 {"exception":"[object] (Symfony\\Component\\Debug\\Exception\\ContextErrorException(code: 0): Notice: Undefined offset: 1 at /home/pcapprenant17/Documents/appCompta/src/Controller/UserController.php:34)"} []
[2016-10-21 10:18:29] appCompta.INFO: < 500 [] []
[2016-10-21 10:18:30] appCompta.INFO: Matched route "users_api". {"route_parameters":{"_controller":"appCompta\\Controller\\UserController::getAllUsers","_route":"users_api"},"request_uri":"http://appcompta/api/users"} []
[2016-10-21 10:18:30] appCompta.INFO: > GET /api/users [] []
[2016-10-21 10:18:30] appCompta.CRITICAL: Symfony\Component\Debug\Exception\ContextErrorException: Notice: Undefined offset: 1 (uncaught exception) at /home/pcapprenant17/Documents/appCompta/src/Controller/UserController.php line 34 {"exception":"[object] (Symfony\\Component\\Debug\\Exception\\ContextErrorException(code: 0): Notice: Undefined offset: 1 at /home/pcapprenant17/Documents/appCompta/src/Controller/UserController.php:34)"} []
[2016-10-21 10:18:30] appCompta.INFO: < 500 [] []
[2016-10-21 10:18:30] appCompta.INFO: Matched route "users_api". {"route_parameters":{"_controller":"appCompta\\Controller\\UserController::getAllUsers","_route":"users_api"},"request_uri":"http://appcompta/api/users"} []
[2016-10-21 10:18:30] appCompta.INFO: > GET /api/users [] []
[2016-10-21 10:18:30] appCompta.CRITICAL: Symfony\Component\Debug\Exception\ContextErrorException: Notice: Undefined offset: 1 (uncaught exception) at /home/pcapprenant17/Documents/appCompta/src/Controller/UserController.php line 34 {"exception":"[object] (Symfony\\Component\\Debug\\Exception\\ContextErrorException(code: 0): Notice: Undefined offset: 1 at /home/pcapprenant17/Documents/appCompta/src/Controller/UserController.php:34)"} []
[2016-10-21 10:18:30] appCompta.INFO: < 500 [] []
[2016-10-21 10:18:31] appCompta.INFO: Matched route "users_api". {"route_parameters":{"_controller":"appCompta\\Controller\\UserController::getAllUsers","_route":"users_api"},"request_uri":"http://appcompta/api/users"} []
[2016-10-21 10:18:31] appCompta.INFO: > GET /api/users [] []
[2016-10-21 10:18:31] appCompta.CRITICAL: Symfony\Component\Debug\Exception\ContextErrorException: Notice: Undefined offset: 1 (uncaught exception) at /home/pcapprenant17/Documents/appCompta/src/Controller/UserController.php line 34 {"exception":"[object] (Symfony\\Component\\Debug\\Exception\\ContextErrorException(code: 0): Notice: Undefined offset: 1 at /home/pcapprenant17/Documents/appCompta/src/Controller/UserController.php:34)"} []
[2016-10-21 10:18:31] appCompta.INFO: < 500 [] []
[2016-10-21 10:19:13] appCompta.INFO: Matched route "users_api". {"route_parameters":{"_controller":"appCompta\\Controller\\UserController::getAllUsers","_route":"users_api"},"request_uri":"http://appcompta/api/users"} []
[2016-10-21 10:19:13] appCompta.INFO: > GET /api/users [] []
[2016-10-21 10:19:36] appCompta.INFO: Matched route "users_api". {"route_parameters":{"_controller":"appCompta\\Controller\\UserController::getAllUsers","_route":"users_api"},"request_uri":"http://appcompta/api/users"} []
[2016-10-21 10:19:36] appCompta.INFO: > GET /api/users [] []
[2016-10-21 10:19:36] appCompta.CRITICAL: Symfony\Component\Debug\Exception\ContextErrorException: Notice: Undefined offset: 1 (uncaught exception) at /home/pcapprenant17/Documents/appCompta/src/Controller/UserController.php line 35 {"exception":"[object] (Symfony\\Component\\Debug\\Exception\\ContextErrorException(code: 0): Notice: Undefined offset: 1 at /home/pcapprenant17/Documents/appCompta/src/Controller/UserController.php:35)"} []
[2016-10-21 10:19:36] appCompta.INFO: < 500 [] []
[2016-10-21 10:21:01] appCompta.INFO: Matched route "users_api". {"route_parameters":{"_controller":"appCompta\\Controller\\UserController::getAllUsers","_route":"users_api"},"request_uri":"http://appcompta/api/users"} []
[2016-10-21 10:21:01] appCompta.INFO: > GET /api/users [] []
[2016-10-21 10:21:01] appCompta.CRITICAL: Symfony\Component\Debug\Exception\ContextErrorException: Notice: Undefined offset: 1 (uncaught exception) at /home/pcapprenant17/Documents/appCompta/src/Controller/UserController.php line 35 {"exception":"[object] (Symfony\\Component\\Debug\\Exception\\ContextErrorException(code: 0): Notice: Undefined offset: 1 at /home/pcapprenant17/Documents/appCompta/src/Controller/UserController.php:35)"} []
[2016-10-21 10:21:01] appCompta.INFO: < 500 [] []
[2016-10-21 10:21:03] appCompta.INFO: Matched route "users_api". {"route_parameters":{"_controller":"appCompta\\Controller\\UserController::getAllUsers","_route":"users_api"},"request_uri":"http://appcompta/api/users"} []
[2016-10-21 10:21:03] appCompta.INFO: > GET /api/users [] []
[2016-10-21 10:21:03] appCompta.CRITICAL: Symfony\Component\Debug\Exception\ContextErrorException: Notice: Undefined offset: 1 (uncaught exception) at /home/pcapprenant17/Documents/appCompta/src/Controller/UserController.php line 35 {"exception":"[object] (Symfony\\Component\\Debug\\Exception\\ContextErrorException(code: 0): Notice: Undefined offset: 1 at /home/pcapprenant17/Documents/appCompta/src/Controller/UserController.php:35)"} []
[2016-10-21 10:21:03] appCompta.INFO: < 500 [] []
[2016-10-21 10:21:30] appCompta.INFO: Matched route "users_api". {"route_parameters":{"_controller":"appCompta\\Controller\\UserController::getAllUsers","_route":"users_api"},"request_uri":"http://appcompta/api/users"} []
[2016-10-21 10:21:30] appCompta.INFO: > GET /api/users [] []
[2016-10-21 10:21:30] appCompta.CRITICAL: Symfony\Component\Debug\Exception\ContextErrorException: Notice: Undefined offset: 1 (uncaught exception) at /home/pcapprenant17/Documents/appCompta/src/Controller/UserController.php line 35 {"exception":"[object] (Symfony\\Component\\Debug\\Exception\\ContextErrorException(code: 0): Notice: Undefined offset: 1 at /home/pcapprenant17/Documents/appCompta/src/Controller/UserController.php:35)"} []
[2016-10-21 10:21:30] appCompta.INFO: < 500 [] []
[2016-10-21 10:24:17] appCompta.INFO: Matched route "users_api". {"route_parameters":{"_controller":"appCompta\\Controller\\UserController::getAllUsers","_route":"users_api"},"request_uri":"http://appcompta/api/users"} []
[2016-10-21 10:24:17] appCompta.INFO: > GET /api/users [] []
[2016-10-21 10:24:17] appCompta.CRITICAL: Symfony\Component\Debug\Exception\ContextErrorException: Notice: Undefined offset: 1 (uncaught exception) at /home/pcapprenant17/Documents/appCompta/src/Controller/UserController.php line 35 {"exception":"[object] (Symfony\\Component\\Debug\\Exception\\ContextErrorException(code: 0): Notice: Undefined offset: 1 at /home/pcapprenant17/Documents/appCompta/src/Controller/UserController.php:35)"} []
[2016-10-21 10:24:17] appCompta.INFO: < 500 [] []
[2016-10-21 10:25:10] appCompta.INFO: Matched route "users_api". {"route_parameters":{"_controller":"appCompta\\Controller\\UserController::getAllUsers","_route":"users_api"},"request_uri":"http://appcompta/api/users"} []
[2016-10-21 10:25:10] appCompta.INFO: > GET /api/users [] []
[2016-10-21 10:25:10] appCompta.INFO: < 200 [] []
[2016-10-21 10:30:29] appCompta.INFO: Matched route "users_api". {"route_parameters":{"_controller":"appCompta\\Controller\\UserController::getAllUsers","_route":"users_api"},"request_uri":"http://appcompta/api/users"} []
[2016-10-21 10:30:29] appCompta.INFO: > GET /api/users [] []
[2016-10-21 10:30:29] appCompta.INFO: < 200 [] []
[2016-10-21 10:30:45] appCompta.INFO: Matched route "users_api". {"route_parameters":{"_controller":"appCompta\\Controller\\UserController::getAllUsers","_route":"users_api"},"request_uri":"http://appcompta/api/users"} []
[2016-10-21 10:30:45] appCompta.INFO: > GET /api/users [] []
[2016-10-21 10:30:45] appCompta.CRITICAL: Symfony\Component\Debug\Exception\ContextErrorException: Notice: Undefined offset: 1 (uncaught exception) at /home/pcapprenant17/Documents/appCompta/src/Controller/UserController.php line 28 {"exception":"[object] (Symfony\\Component\\Debug\\Exception\\ContextErrorException(code: 0): Notice: Undefined offset: 1 at /home/pcapprenant17/Documents/appCompta/src/Controller/UserController.php:28)"} []
[2016-10-21 10:30:45] appCompta.INFO: < 500 [] []
[2016-10-21 10:31:16] appCompta.INFO: Matched route "users_api". {"route_parameters":{"_controller":"appCompta\\Controller\\UserController::getAllUsers","_route":"users_api"},"request_uri":"http://appcompta/api/users"} []
[2016-10-21 10:31:16] appCompta.INFO: > GET /api/users [] []
[2016-10-21 10:31:16] appCompta.INFO: < 200 [] []
[2016-10-21 10:31:34] appCompta.INFO: Matched route "users_api". {"route_parameters":{"_controller":"appCompta\\Controller\\UserController::getAllUsers","_route":"users_api"},"request_uri":"http://appcompta/api/users"} []
[2016-10-21 10:31:34] appCompta.INFO: > GET /api/users [] []
[2016-10-21 10:31:34] appCompta.INFO: < 200 [] []
[2016-10-21 10:31:57] appCompta.INFO: Matched route "users_api". {"route_parameters":{"_controller":"appCompta\\Controller\\UserController::getAllUsers","_route":"users_api"},"request_uri":"http://appcompta/api/users"} []
[2016-10-21 10:31:57] appCompta.INFO: > GET /api/users [] []
[2016-10-21 10:31:57] appCompta.CRITICAL: Symfony\Component\Debug\Exception\ContextErrorException: Notice: Undefined offset: 1 (uncaught exception) at /home/pcapprenant17/Documents/appCompta/src/Controller/UserController.php line 35 {"exception":"[object] (Symfony\\Component\\Debug\\Exception\\ContextErrorException(code: 0): Notice: Undefined offset: 1 at /home/pcapprenant17/Documents/appCompta/src/Controller/UserController.php:35)"} []
[2016-10-21 10:31:57] appCompta.INFO: < 500 [] []
[2016-10-21 10:33:13] appCompta.INFO: Matched route "users_api". {"route_parameters":{"_controller":"appCompta\\Controller\\UserController::getAllUsers","_route":"users_api"},"request_uri":"http://appcompta/api/users"} []
[2016-10-21 10:33:13] appCompta.INFO: > GET /api/users [] []
[2016-10-21 10:33:13] appCompta.CRITICAL: Symfony\Component\Debug\Exception\ContextErrorException: Notice: Undefined offset: 1 (uncaught exception) at /home/pcapprenant17/Documents/appCompta/src/Controller/UserController.php line 35 {"exception":"[object] (Symfony\\Component\\Debug\\Exception\\ContextErrorException(code: 0): Notice: Undefined offset: 1 at /home/pcapprenant17/Documents/appCompta/src/Controller/UserController.php:35)"} []
[2016-10-21 10:33:13] appCompta.INFO: < 500 [] []
[2016-10-21 10:35:37] appCompta.INFO: Matched route "users_api". {"route_parameters":{"_controller":"appCompta\\Controller\\UserController::getAllUsers","_route":"users_api"},"request_uri":"http://appcompta/api/users"} []
[2016-10-21 10:35:37] appCompta.INFO: > GET /api/users [] []
[2016-10-21 10:35:37] appCompta.CRITICAL: Symfony\Component\Debug\Exception\ContextErrorException: Notice: Undefined offset: 1 (uncaught exception) at /home/pcapprenant17/Documents/appCompta/src/Controller/UserController.php line 35 {"exception":"[object] (Symfony\\Component\\Debug\\Exception\\ContextErrorException(code: 0): Notice: Undefined offset: 1 at /home/pcapprenant17/Documents/appCompta/src/Controller/UserController.php:35)"} []
[2016-10-21 10:35:37] appCompta.INFO: < 500 [] []
[2016-10-21 10:35:38] appCompta.INFO: Matched route "users_api". {"route_parameters":{"_controller":"appCompta\\Controller\\UserController::getAllUsers","_route":"users_api"},"request_uri":"http://appcompta/api/users"} []
[2016-10-21 10:35:38] appCompta.INFO: > GET /api/users [] []
[2016-10-21 10:35:38] appCompta.CRITICAL: Symfony\Component\Debug\Exception\ContextErrorException: Notice: Undefined offset: 1 (uncaught exception) at /home/pcapprenant17/Documents/appCompta/src/Controller/UserController.php line 35 {"exception":"[object] (Symfony\\Component\\Debug\\Exception\\ContextErrorException(code: 0): Notice: Undefined offset: 1 at /home/pcapprenant17/Documents/appCompta/src/Controller/UserController.php:35)"} []
[2016-10-21 10:35:38] appCompta.INFO: < 500 [] []
[2016-10-21 10:38:16] appCompta.INFO: Matched route "users_api". {"route_parameters":{"_controller":"appCompta\\Controller\\UserController::getAllUsers","_route":"users_api"},"request_uri":"http://appcompta/api/users"} []
[2016-10-21 10:38:16] appCompta.INFO: > GET /api/users [] []
[2016-10-21 10:38:16] appCompta.CRITICAL: Symfony\Component\Debug\Exception\ContextErrorException: Notice: Undefined offset: 1 (uncaught exception) at /home/pcapprenant17/Documents/appCompta/src/Controller/UserController.php line 35 {"exception":"[object] (Symfony\\Component\\Debug\\Exception\\ContextErrorException(code: 0): Notice: Undefined offset: 1 at /home/pcapprenant17/Documents/appCompta/src/Controller/UserController.php:35)"} []
[2016-10-21 10:38:16] appCompta.INFO: < 500 [] []
[2016-10-21 10:38:49] appCompta.INFO: Matched route "users_api". {"route_parameters":{"_controller":"appCompta\\Controller\\UserController::getAllUsers","_route":"users_api"},"request_uri":"http://appcompta/api/users"} []
[2016-10-21 10:38:49] appCompta.INFO: > GET /api/users [] []
[2016-10-21 10:38:49] appCompta.CRITICAL: Symfony\Component\Debug\Exception\ContextErrorException: Notice: Undefined offset: 1 (uncaught exception) at /home/pcapprenant17/Documents/appCompta/src/Controller/UserController.php line 35 {"exception":"[object] (Symfony\\Component\\Debug\\Exception\\ContextErrorException(code: 0): Notice: Undefined offset: 1 at /home/pcapprenant17/Documents/appCompta/src/Controller/UserController.php:35)"} []
[2016-10-21 10:38:49] appCompta.INFO: < 500 [] []
[2016-10-21 10:39:07] appCompta.INFO: Matched route "users_api". {"route_parameters":{"_controller":"appCompta\\Controller\\UserController::getAllUsers","_route":"users_api"},"request_uri":"http://appcompta/api/users"} []
[2016-10-21 10:39:07] appCompta.INFO: > GET /api/users [] []
[2016-10-21 10:39:07] appCompta.CRITICAL: Symfony\Component\Debug\Exception\ContextErrorException: Notice: Undefined offset: 1 (uncaught exception) at /home/pcapprenant17/Documents/appCompta/src/Controller/UserController.php line 35 {"exception":"[object] (Symfony\\Component\\Debug\\Exception\\ContextErrorException(code: 0): Notice: Undefined offset: 1 at /home/pcapprenant17/Documents/appCompta/src/Controller/UserController.php:35)"} []
[2016-10-21 10:39:07] appCompta.INFO: < 500 [] []
[2016-10-21 10:42:20] appCompta.INFO: Matched route "users_api". {"route_parameters":{"_controller":"appCompta\\Controller\\UserController::getAllUsers","_route":"users_api"},"request_uri":"http://appcompta/api/users"} []
[2016-10-21 10:42:20] appCompta.INFO: > GET /api/users [] []
[2016-10-21 10:42:20] appCompta.CRITICAL: Symfony\Component\Debug\Exception\ContextErrorException: Notice: Undefined offset: 1 (uncaught exception) at /home/pcapprenant17/Documents/appCompta/src/Controller/UserController.php line 35 {"exception":"[object] (Symfony\\Component\\Debug\\Exception\\ContextErrorException(code: 0): Notice: Undefined offset: 1 at /home/pcapprenant17/Documents/appCompta/src/Controller/UserController.php:35)"} []
[2016-10-21 10:42:20] appCompta.INFO: < 500 [] []
[2016-10-21 10:44:32] appCompta.INFO: Matched route "users_api". {"route_parameters":{"_controller":"appCompta\\Controller\\UserController::getAllUsers","_route":"users_api"},"request_uri":"http://appcompta/api/users"} []
[2016-10-21 10:44:32] appCompta.INFO: > GET /api/users [] []
[2016-10-21 10:44:32] appCompta.CRITICAL: Symfony\Component\Debug\Exception\ContextErrorException: Notice: Undefined offset: 1 (uncaught exception) at /home/pcapprenant17/Documents/appCompta/src/Controller/UserController.php line 36 {"exception":"[object] (Symfony\\Component\\Debug\\Exception\\ContextErrorException(code: 0): Notice: Undefined offset: 1 at /home/pcapprenant17/Documents/appCompta/src/Controller/UserController.php:36)"} []
[2016-10-21 10:44:32] appCompta.INFO: < 500 [] []
[2016-10-21 10:49:06] appCompta.INFO: Matched route "users_api". {"route_parameters":{"_controller":"appCompta\\Controller\\UserController::getAllUsers","_route":"users_api"},"request_uri":"http://appcompta/api/users"} []
[2016-10-21 10:49:06] appCompta.INFO: > GET /api/users [] []
[2016-10-21 10:49:06] appCompta.CRITICAL: Symfony\Component\Debug\Exception\ContextErrorException: Notice: Undefined offset: 1 (uncaught exception) at /home/pcapprenant17/Documents/appCompta/src/Controller/UserController.php line 35 {"exception":"[object] (Symfony\\Component\\Debug\\Exception\\ContextErrorException(code: 0): Notice: Undefined offset: 1 at /home/pcapprenant17/Documents/appCompta/src/Controller/UserController.php:35)"} []
[2016-10-21 10:49:06] appCompta.INFO: < 500 [] []
[2016-10-21 10:49:58] appCompta.INFO: Matched route "users_api". {"route_parameters":{"_controller":"appCompta\\Controller\\UserController::getAllUsers","_route":"users_api"},"request_uri":"http://appcompta/api/users"} []
[2016-10-21 10:49:58] appCompta.INFO: > GET /api/users [] []
[2016-10-21 10:49:58] appCompta.CRITICAL: Symfony\Component\Debug\Exception\ContextErrorException: Notice: Undefined offset: 1 (uncaught exception) at /home/pcapprenant17/Documents/appCompta/src/Controller/UserController.php line 33 {"exception":"[object] (Symfony\\Component\\Debug\\Exception\\ContextErrorException(code: 0): Notice: Undefined offset: 1 at /home/pcapprenant17/Documents/appCompta/src/Controller/UserController.php:33)"} []
[2016-10-21 10:49:58] appCompta.INFO: < 500 [] []
[2016-10-21 10:50:29] appCompta.INFO: Matched route "users_api". {"route_parameters":{"_controller":"appCompta\\Controller\\UserController::getAllUsers","_route":"users_api"},"request_uri":"http://appcompta/api/users"} []
[2016-10-21 10:50:29] appCompta.INFO: > GET /api/users [] []
[2016-10-21 10:50:29] appCompta.CRITICAL: Symfony\Component\Debug\Exception\ContextErrorException: Notice: Undefined offset: 1 (uncaught exception) at /home/pcapprenant17/Documents/appCompta/src/Controller/UserController.php line 33 {"exception":"[object] (Symfony\\Component\\Debug\\Exception\\ContextErrorException(code: 0): Notice: Undefined offset: 1 at /home/pcapprenant17/Documents/appCompta/src/Controller/UserController.php:33)"} []
[2016-10-21 10:50:29] appCompta.INFO: < 500 [] []
[2016-10-21 10:52:22] appCompta.INFO: Matched route "users_api". {"route_parameters":{"_controller":"appCompta\\Controller\\UserController::getAllUsers","_route":"users_api"},"request_uri":"http://appcompta/api/users"} []
[2016-10-21 10:52:22] appCompta.INFO: > GET /api/users [] []
[2016-10-21 10:52:22] appCompta.CRITICAL: Symfony\Component\Debug\Exception\ContextErrorException: Notice: Undefined offset: 1 (uncaught exception) at /home/pcapprenant17/Documents/appCompta/src/Controller/UserController.php line 34 {"exception":"[object] (Symfony\\Component\\Debug\\Exception\\ContextErrorException(code: 0): Notice: Undefined offset: 1 at /home/pcapprenant17/Documents/appCompta/src/Controller/UserController.php:34)"} []
[2016-10-21 10:52:22] appCompta.INFO: < 500 [] []
[2016-10-21 10:52:23] appCompta.INFO: Matched route "users_api". {"route_parameters":{"_controller":"appCompta\\Controller\\UserController::getAllUsers","_route":"users_api"},"request_uri":"http://appcompta/api/users"} []
[2016-10-21 10:52:23] appCompta.INFO: > GET /api/users [] []
[2016-10-21 10:52:23] appCompta.CRITICAL: Symfony\Component\Debug\Exception\ContextErrorException: Notice: Undefined offset: 1 (uncaught exception) at /home/pcapprenant17/Documents/appCompta/src/Controller/UserController.php line 34 {"exception":"[object] (Symfony\\Component\\Debug\\Exception\\ContextErrorException(code: 0): Notice: Undefined offset: 1 at /home/pcapprenant17/Documents/appCompta/src/Controller/UserController.php:34)"} []
[2016-10-21 10:52:23] appCompta.INFO: < 500 [] []
[2016-10-21 10:53:26] appCompta.INFO: Matched route "users_api". {"route_parameters":{"_controller":"appCompta\\Controller\\UserController::getAllUsers","_route":"users_api"},"request_uri":"http://appcompta/api/users"} []
[2016-10-21 10:53:26] appCompta.INFO: > GET /api/users [] []
[2016-10-21 10:53:26] appCompta.CRITICAL: Symfony\Component\Debug\Exception\ContextErrorException: Notice: Undefined offset: 1 (uncaught exception) at /home/pcapprenant17/Documents/appCompta/src/Controller/UserController.php line 33 {"exception":"[object] (Symfony\\Component\\Debug\\Exception\\ContextErrorException(code: 0): Notice: Undefined offset: 1 at /home/pcapprenant17/Documents/appCompta/src/Controller/UserController.php:33)"} []
[2016-10-21 10:53:26] appCompta.INFO: < 500 [] []
[2016-10-21 10:53:41] appCompta.INFO: Matched route "users_api". {"route_parameters":{"_controller":"appCompta\\Controller\\UserController::getAllUsers","_route":"users_api"},"request_uri":"http://appcompta/api/users"} []
[2016-10-21 10:53:41] appCompta.INFO: > GET /api/users [] []
[2016-10-21 10:53:41] appCompta.CRITICAL: Symfony\Component\Debug\Exception\ContextErrorException: Notice: Undefined offset: 1 (uncaught exception) at /home/pcapprenant17/Documents/appCompta/src/Controller/UserController.php line 33 {"exception":"[object] (Symfony\\Component\\Debug\\Exception\\ContextErrorException(code: 0): Notice: Undefined offset: 1 at /home/pcapprenant17/Documents/appCompta/src/Controller/UserController.php:33)"} []
[2016-10-21 10:53:41] appCompta.INFO: < 500 [] []
[2016-10-21 10:54:32] appCompta.INFO: Matched route "users_api". {"route_parameters":{"_controller":"appCompta\\Controller\\UserController::getAllUsers","_route":"users_api"},"request_uri":"http://appcompta/api/users"} []
[2016-10-21 10:54:32] appCompta.INFO: > GET /api/users [] []
[2016-10-21 10:54:32] appCompta.CRITICAL: Symfony\Component\Debug\Exception\ContextErrorException: Notice: Undefined offset: 1 (uncaught exception) at /home/pcapprenant17/Documents/appCompta/src/Controller/UserController.php line 35 {"exception":"[object] (Symfony\\Component\\Debug\\Exception\\ContextErrorException(code: 0): Notice: Undefined offset: 1 at /home/pcapprenant17/Documents/appCompta/src/Controller/UserController.php:35)"} []
[2016-10-21 10:54:32] appCompta.INFO: < 500 [] []
[2016-10-21 10:55:15] appCompta.INFO: Matched route "users_api". {"route_parameters":{"_controller":"appCompta\\Controller\\UserController::getAllUsers","_route":"users_api"},"request_uri":"http://appcompta/api/users"} []
[2016-10-21 10:55:15] appCompta.INFO: > GET /api/users [] []
[2016-10-21 10:55:15] appCompta.CRITICAL: Symfony\Component\Debug\Exception\ContextErrorException: Notice: Undefined offset: 1 (uncaught exception) at /home/pcapprenant17/Documents/appCompta/src/Controller/UserController.php line 35 {"exception":"[object] (Symfony\\Component\\Debug\\Exception\\ContextErrorException(code: 0): Notice: Undefined offset: 1 at /home/pcapprenant17/Documents/appCompta/src/Controller/UserController.php:35)"} []
[2016-10-21 10:55:15] appCompta.INFO: < 500 [] []
[2016-10-21 11:00:16] appCompta.INFO: Matched route "users_api". {"route_parameters":{"_controller":"appCompta\\Controller\\UserController::getAllUsers","_route":"users_api"},"request_uri":"http://appcompta/api/users"} []
[2016-10-21 11:00:16] appCompta.INFO: > GET /api/users [] []
[2016-10-21 11:00:28] appCompta.INFO: Matched route "users_api". {"route_parameters":{"_controller":"appCompta\\Controller\\UserController::getAllUsers","_route":"users_api"},"request_uri":"http://appcompta/api/users"} []
[2016-10-21 11:00:28] appCompta.INFO: > GET /api/users [] []
[2016-10-21 11:00:28] appCompta.CRITICAL: Symfony\Component\Debug\Exception\ContextErrorException: Notice: Undefined offset: 1 (uncaught exception) at /home/pcapprenant17/Documents/appCompta/src/Controller/UserController.php line 35 {"exception":"[object] (Symfony\\Component\\Debug\\Exception\\ContextErrorException(code: 0): Notice: Undefined offset: 1 at /home/pcapprenant17/Documents/appCompta/src/Controller/UserController.php:35)"} []
[2016-10-21 11:00:28] appCompta.INFO: < 500 [] []
[2016-10-21 11:00:40] appCompta.INFO: Matched route "users_api". {"route_parameters":{"_controller":"appCompta\\Controller\\UserController::getAllUsers","_route":"users_api"},"request_uri":"http://appcompta/api/users"} []
[2016-10-21 11:00:40] appCompta.INFO: > GET /api/users [] []
[2016-10-21 11:00:41] appCompta.INFO: Matched route "users_api". {"route_parameters":{"_controller":"appCompta\\Controller\\UserController::getAllUsers","_route":"users_api"},"request_uri":"http://appcompta/api/users"} []
[2016-10-21 11:00:41] appCompta.INFO: > GET /api/users [] []
[2016-10-21 11:00:55] appCompta.INFO: Matched route "users_api". {"route_parameters":{"_controller":"appCompta\\Controller\\UserController::getAllUsers","_route":"users_api"},"request_uri":"http://appcompta/api/users"} []
[2016-10-21 11:00:55] appCompta.INFO: > GET /api/users [] []
[2016-10-21 11:00:55] appCompta.CRITICAL: Symfony\Component\Debug\Exception\ContextErrorException: Notice: Undefined offset: 1 (uncaught exception) at /home/pcapprenant17/Documents/appCompta/src/Controller/UserController.php line 35 {"exception":"[object] (Symfony\\Component\\Debug\\Exception\\ContextErrorException(code: 0): Notice: Undefined offset: 1 at /home/pcapprenant17/Documents/appCompta/src/Controller/UserController.php:35)"} []
[2016-10-21 11:00:55] appCompta.INFO: < 500 [] []
[2016-10-21 11:27:25] appCompta.INFO: Matched route "users_api". {"route_parameters":{"_controller":"appCompta\\Controller\\UserController::getAllUsers","_route":"users_api"},"request_uri":"http://appcompta/api/users"} []
[2016-10-21 11:27:25] appCompta.INFO: > GET /api/users [] []
[2016-10-21 11:27:26] appCompta.INFO: Matched route "users_api". {"route_parameters":{"_controller":"appCompta\\Controller\\UserController::getAllUsers","_route":"users_api"},"request_uri":"http://appcompta/api/users"} []
[2016-10-21 11:27:26] appCompta.INFO: > GET /api/users [] []
[2016-10-21 11:27:47] appCompta.INFO: Matched route "users_api". {"route_parameters":{"_controller":"appCompta\\Controller\\UserController::getAllUsers","_route":"users_api"},"request_uri":"http://appcompta/api/users"} []
[2016-10-21 11:27:47] appCompta.INFO: > GET /api/users [] []
[2016-10-21 11:27:49] appCompta.INFO: Matched route "users_api". {"route_parameters":{"_controller":"appCompta\\Controller\\UserController::getAllUsers","_route":"users_api"},"request_uri":"http://appcompta/api/users"} []
[2016-10-21 11:27:49] appCompta.INFO: > GET /api/users [] []
[2016-10-21 11:28:29] appCompta.INFO: Matched route "users_api". {"route_parameters":{"_controller":"appCompta\\Controller\\UserController::getAllUsers","_route":"users_api"},"request_uri":"http://appcompta/api/users"} []
[2016-10-21 11:28:29] appCompta.INFO: > GET /api/users [] []
[2016-10-21 11:28:30] appCompta.INFO: Matched route "users_api". {"route_parameters":{"_controller":"appCompta\\Controller\\UserController::getAllUsers","_route":"users_api"},"request_uri":"http://appcompta/api/users"} []
[2016-10-21 11:28:30] appCompta.INFO: > GET /api/users [] []
[2016-10-21 11:28:33] appCompta.INFO: Matched route "users_api". {"route_parameters":{"_controller":"appCompta\\Controller\\UserController::getAllUsers","_route":"users_api"},"request_uri":"http://appcompta/api/users"} []
[2016-10-21 11:28:33] appCompta.INFO: > GET /api/users [] []
[2016-10-21 11:28:49] appCompta.INFO: Matched route "users_api". {"route_parameters":{"_controller":"appCompta\\Controller\\UserController::getAllUsers","_route":"users_api"},"request_uri":"http://appcompta/api/users"} []
[2016-10-21 11:28:49] appCompta.INFO: > GET /api/users [] []
[2016-10-21 11:28:49] appCompta.CRITICAL: Symfony\Component\Debug\Exception\ContextErrorException: Notice: Undefined offset: 1 (uncaught exception) at /home/pcapprenant17/Documents/appCompta/src/Controller/UserController.php line 36 {"exception":"[object] (Symfony\\Component\\Debug\\Exception\\ContextErrorException(code: 0): Notice: Undefined offset: 1 at /home/pcapprenant17/Documents/appCompta/src/Controller/UserController.php:36)"} []
[2016-10-21 11:28:49] appCompta.INFO: < 500 [] []
[2016-10-21 11:29:49] appCompta.INFO: Matched route "users_api". {"route_parameters":{"_controller":"appCompta\\Controller\\UserController::getAllUsers","_route":"users_api"},"request_uri":"http://appcompta/api/users"} []
[2016-10-21 11:29:49] appCompta.INFO: > GET /api/users [] []
[2016-10-21 11:29:49] appCompta.INFO: < 200 [] []
[2016-10-21 11:30:50] appCompta.INFO: Matched route "users_api". {"route_parameters":{"_controller":"appCompta\\Controller\\UserController::getAllUsers","_route":"users_api"},"request_uri":"http://appcompta/api/users"} []
[2016-10-21 11:30:50] appCompta.INFO: > GET /api/users [] []
[2016-10-21 11:30:50] appCompta.CRITICAL: Symfony\Component\Debug\Exception\ContextErrorException: Warning: array_key_exists() expects parameter 2 to be array, string given (uncaught exception) at /home/pcapprenant17/Documents/appCompta/src/Controller/UserController.php line 21 {"exception":"[object] (Symfony\\Component\\Debug\\Exception\\ContextErrorException(code: 0): Warning: array_key_exists() expects parameter 2 to be array, string given at /home/pcapprenant17/Documents/appCompta/src/Controller/UserController.php:21)"} []
[2016-10-21 11:30:50] appCompta.INFO: < 500 [] []
[2016-10-21 11:30:51] appCompta.INFO: Matched route "users_api". {"route_parameters":{"_controller":"appCompta\\Controller\\UserController::getAllUsers","_route":"users_api"},"request_uri":"http://appcompta/api/users"} []
[2016-10-21 11:30:51] appCompta.INFO: > GET /api/users [] []
[2016-10-21 11:30:51] appCompta.CRITICAL: Symfony\Component\Debug\Exception\ContextErrorException: Warning: array_key_exists() expects parameter 2 to be array, string given (uncaught exception) at /home/pcapprenant17/Documents/appCompta/src/Controller/UserController.php line 21 {"exception":"[object] (Symfony\\Component\\Debug\\Exception\\ContextErrorException(code: 0): Warning: array_key_exists() expects parameter 2 to be array, string given at /home/pcapprenant17/Documents/appCompta/src/Controller/UserController.php:21)"} []
[2016-10-21 11:30:51] appCompta.INFO: < 500 [] []
[2016-10-21 11:31:32] appCompta.INFO: Matched route "users_api". {"route_parameters":{"_controller":"appCompta\\Controller\\UserController::getAllUsers","_route":"users_api"},"request_uri":"http://appcompta/api/users"} []
[2016-10-21 11:31:32] appCompta.INFO: > GET /api/users [] []
[2016-10-21 11:31:32] appCompta.CRITICAL: Symfony\Component\Debug\Exception\ContextErrorException: Warning: array_push() expects parameter 1 to be array, null given (uncaught exception) at /home/pcapprenant17/Documents/appCompta/src/Controller/UserController.php line 25 {"exception":"[object] (Symfony\\Component\\Debug\\Exception\\ContextErrorException(code: 0): Warning: array_push() expects parameter 1 to be array, null given at /home/pcapprenant17/Documents/appCompta/src/Controller/UserController.php:25)"} []
[2016-10-21 11:31:32] appCompta.INFO: < 500 [] []
[2016-10-21 11:31:36] appCompta.INFO: Matched route "users_api". {"route_parameters":{"_controller":"appCompta\\Controller\\UserController::getAllUsers","_route":"users_api"},"request_uri":"http://appcompta/api/users"} []
[2016-10-21 11:31:36] appCompta.INFO: > GET /api/users [] []
[2016-10-21 11:31:36] appCompta.CRITICAL: Symfony\Component\Debug\Exception\ContextErrorException: Warning: array_push() expects parameter 1 to be array, null given (uncaught exception) at /home/pcapprenant17/Documents/appCompta/src/Controller/UserController.php line 25 {"exception":"[object] (Symfony\\Component\\Debug\\Exception\\ContextErrorException(code: 0): Warning: array_push() expects parameter 1 to be array, null given at /home/pcapprenant17/Documents/appCompta/src/Controller/UserController.php:25)"} []
[2016-10-21 11:31:36] appCompta.INFO: < 500 [] []
[2016-10-21 11:32:07] appCompta.INFO: Matched route "users_api". {"route_parameters":{"_controller":"appCompta\\Controller\\UserController::getAllUsers","_route":"users_api"},"request_uri":"http://appcompta/api/users"} []
[2016-10-21 11:32:07] appCompta.INFO: > GET /api/users [] []
[2016-10-21 11:32:07] appCompta.CRITICAL: Symfony\Component\Debug\Exception\ContextErrorException: Warning: array_push() expects parameter 1 to be array, string given (uncaught exception) at /home/pcapprenant17/Documents/appCompta/src/Controller/UserController.php line 25 {"exception":"[object] (Symfony\\Component\\Debug\\Exception\\ContextErrorException(code: 0): Warning: array_push() expects parameter 1 to be array, string given at /home/pcapprenant17/Documents/appCompta/src/Controller/UserController.php:25)"} []
[2016-10-21 11:32:07] appCompta.INFO: < 500 [] []
[2016-10-21 11:32:50] appCompta.INFO: Matched route "users_api". {"route_parameters":{"_controller":"appCompta\\Controller\\UserController::getAllUsers","_route":"users_api"},"request_uri":"http://appcompta/api/users"} []
[2016-10-21 11:32:50] appCompta.INFO: > GET /api/users [] []
[2016-10-21 11:32:50] appCompta.INFO: < 200 [] []
[2016-10-21 11:33:59] appCompta.INFO: Matched route "users_api". {"route_parameters":{"_controller":"appCompta\\Controller\\UserController::getAllUsers","_route":"users_api"},"request_uri":"http://appcompta/api/users"} []
[2016-10-21 11:33:59] appCompta.INFO: > GET /api/users [] []
[2016-10-21 11:33:59] appCompta.INFO: < 200 [] []
[2016-10-21 11:34:49] appCompta.INFO: Matched route "users_api". {"route_parameters":{"_controller":"appCompta\\Controller\\UserController::getAllUsers","_route":"users_api"},"request_uri":"http://appcompta/api/users"} []
[2016-10-21 11:34:49] appCompta.INFO: > GET /api/users [] []
[2016-10-21 11:34:49] appCompta.CRITICAL: Symfony\Component\Debug\Exception\ContextErrorException: Notice: Undefined offset: 1 (uncaught exception) at /home/pcapprenant17/Documents/appCompta/src/Controller/UserController.php line 36 {"exception":"[object] (Symfony\\Component\\Debug\\Exception\\ContextErrorException(code: 0): Notice: Undefined offset: 1 at /home/pcapprenant17/Documents/appCompta/src/Controller/UserController.php:36)"} []
[2016-10-21 11:34:49] appCompta.INFO: < 500 [] []
[2016-10-21 11:35:10] appCompta.INFO: Matched route "users_api". {"route_parameters":{"_controller":"appCompta\\Controller\\UserController::getAllUsers","_route":"users_api"},"request_uri":"http://appcompta/api/users"} []
[2016-10-21 11:35:10] appCompta.INFO: > GET /api/users [] []
[2016-10-21 11:35:10] appCompta.INFO: < 200 [] []
[2016-10-21 11:39:05] appCompta.INFO: Matched route "users_api". {"route_parameters":{"_controller":"appCompta\\Controller\\UserController::getAllUsers","_route":"users_api"},"request_uri":"http://appcompta/api/users"} []
[2016-10-21 11:39:05] appCompta.INFO: > GET /api/users [] []
[2016-10-21 11:39:05] appCompta.CRITICAL: Symfony\Component\Debug\Exception\ContextErrorException: Notice: Undefined offset: 1 (uncaught exception) at /home/pcapprenant17/Documents/appCompta/src/Controller/UserController.php line 36 {"exception":"[object] (Symfony\\Component\\Debug\\Exception\\ContextErrorException(code: 0): Notice: Undefined offset: 1 at /home/pcapprenant17/Documents/appCompta/src/Controller/UserController.php:36)"} []
[2016-10-21 11:39:05] appCompta.INFO: < 500 [] []
[2016-10-21 11:45:47] appCompta.INFO: Matched route "users_api". {"route_parameters":{"_controller":"appCompta\\Controller\\UserController::getAllUsers","_route":"users_api"},"request_uri":"http://appcompta/api/users"} []
[2016-10-21 11:45:47] appCompta.INFO: > GET /api/users [] []
[2016-10-21 11:45:47] appCompta.CRITICAL: Symfony\Component\Debug\Exception\ContextErrorException: Notice: Undefined variable: id (uncaught exception) at /home/pcapprenant17/Documents/appCompta/src/Controller/UserController.php line 13 {"exception":"[object] (Symfony\\Component\\Debug\\Exception\\ContextErrorException(code: 0): Notice: Undefined variable: id at /home/pcapprenant17/Documents/appCompta/src/Controller/UserController.php:13)"} []
[2016-10-21 11:45:47] appCompta.INFO: < 500 [] []
[2016-10-21 11:45:48] appCompta.INFO: Matched route "users_api". {"route_parameters":{"_controller":"appCompta\\Controller\\UserController::getAllUsers","_route":"users_api"},"request_uri":"http://appcompta/api/users"} []
[2016-10-21 11:45:48] appCompta.INFO: > GET /api/users [] []
[2016-10-21 11:45:48] appCompta.CRITICAL: Symfony\Component\Debug\Exception\ContextErrorException: Notice: Undefined variable: id (uncaught exception) at /home/pcapprenant17/Documents/appCompta/src/Controller/UserController.php line 13 {"exception":"[object] (Symfony\\Component\\Debug\\Exception\\ContextErrorException(code: 0): Notice: Undefined variable: id at /home/pcapprenant17/Documents/appCompta/src/Controller/UserController.php:13)"} []
[2016-10-21 11:45:48] appCompta.INFO: < 500 [] []
[2016-10-21 11:45:58] appCompta.INFO: Matched route "users_api". {"route_parameters":{"_controller":"appCompta\\Controller\\UserController::getAllUsers","_route":"users_api"},"request_uri":"http://appcompta/api/users"} []
[2016-10-21 11:45:58] appCompta.INFO: > GET /api/users [] []
[2016-10-21 11:45:58] appCompta.CRITICAL: Exception: No user_group matching id  (uncaught exception) at /home/pcapprenant17/Documents/appCompta/src/DAO/Users_has_user_groupDAO.php line 29 {"exception":"[object] (Exception(code: 0): No user_group matching id  at /home/pcapprenant17/Documents/appCompta/src/DAO/Users_has_user_groupDAO.php:29)"} []
[2016-10-21 11:45:58] appCompta.INFO: < 500 [] []
[2016-10-21 11:47:36] appCompta.INFO: Matched route "users_api". {"route_parameters":{"_controller":"appCompta\\Controller\\UserController::getAllUsers","_route":"users_api"},"request_uri":"http://appcompta/api/users"} []
[2016-10-21 11:47:36] appCompta.INFO: > GET /api/users [] []
[2016-10-21 11:47:36] appCompta.CRITICAL: Symfony\Component\Debug\Exception\ContextErrorException: Warning: Illegal offset type (uncaught exception) at /home/pcapprenant17/Documents/appCompta/src/DAO/Users_has_user_groupDAO.php line 17 {"exception":"[object] (Symfony\\Component\\Debug\\Exception\\ContextErrorException(code: 0): Warning: Illegal offset type at /home/pcapprenant17/Documents/appCompta/src/DAO/Users_has_user_groupDAO.php:17)"} []
[2016-10-21 11:47:36] appCompta.INFO: < 500 [] []
[2016-10-21 11:48:14] appCompta.INFO: Matched route "users_api". {"route_parameters":{"_controller":"appCompta\\Controller\\UserController::getAllUsers","_route":"users_api"},"request_uri":"http://appcompta/api/users"} []
[2016-10-21 11:48:14] appCompta.INFO: > GET /api/users [] []
[2016-10-21 11:48:14] appCompta.CRITICAL: Symfony\Component\Debug\Exception\ContextErrorException: Notice: Undefined offset: 1 (uncaught exception) at /home/pcapprenant17/Documents/appCompta/src/Controller/UserController.php line 36 {"exception":"[object] (Symfony\\Component\\Debug\\Exception\\ContextErrorException(code: 0): Notice: Undefined offset: 1 at /home/pcapprenant17/Documents/appCompta/src/Controller/UserController.php:36)"} []
[2016-10-21 11:48:14] appCompta.INFO: < 500 [] []
[2016-10-21 11:48:35] appCompta.INFO: Matched route "users_api". {"route_parameters":{"_controller":"appCompta\\Controller\\UserController::getAllUsers","_route":"users_api"},"request_uri":"http://appcompta/api/users"} []
[2016-10-21 11:48:35] appCompta.INFO: > GET /api/users [] []
[2016-10-21 11:48:36] appCompta.CRITICAL: Symfony\Component\Debug\Exception\ContextErrorException: Warning: Missing argument 1 for appCompta\DAO\Users_has_user_groupDAO::buildDomainObject(), called in /home/pcapprenant17/Documents/appCompta/src/DAO/Users_has_user_groupDAO.php on line 17 and defined (uncaught exception) at /home/pcapprenant17/Documents/appCompta/src/DAO/Users_has_user_groupDAO.php line 22 {"exception":"[object] (Symfony\\Component\\Debug\\Exception\\ContextErrorException(code: 0): Warning: Missing argument 1 for appCompta\\DAO\\Users_has_user_groupDAO::buildDomainObject(), called in /home/pcapprenant17/Documents/appCompta/src/DAO/Users_has_user_groupDAO.php on line 17 and defined at /home/pcapprenant17/Documents/appCompta/src/DAO/Users_has_user_groupDAO.php:22)"} []
[2016-10-21 11:48:36] appCompta.INFO: < 500 [] []
[2016-10-21 11:49:13] appCompta.INFO: Matched route "users_api". {"route_parameters":{"_controller":"appCompta\\Controller\\UserController::getAllUsers","_route":"users_api"},"request_uri":"http://appcompta/api/users"} []
[2016-10-21 11:49:13] appCompta.INFO: > GET /api/users [] []
[2016-10-21 11:49:13] appCompta.CRITICAL: Symfony\Component\Debug\Exception\ContextErrorException: Notice: Undefined index: user_id (uncaught exception) at /home/pcapprenant17/Documents/appCompta/src/DAO/Users_has_user_groupDAO.php line 24 {"exception":"[object] (Symfony\\Component\\Debug\\Exception\\ContextErrorException(code: 0): Notice: Undefined index: user_id at /home/pcapprenant17/Documents/appCompta/src/DAO/Users_has_user_groupDAO.php:24)"} []
[2016-10-21 11:49:13] appCompta.INFO: < 500 [] []
[2016-10-21 11:50:21] appCompta.INFO: Matched route "users_api". {"route_parameters":{"_controller":"appCompta\\Controller\\UserController::getAllUsers","_route":"users_api"},"request_uri":"http://appcompta/api/users"} []
[2016-10-21 11:50:21] appCompta.INFO: > GET /api/users [] []
[2016-10-21 11:50:21] appCompta.CRITICAL: Symfony\Component\Debug\Exception\ContextErrorException: Warning: Illegal string offset 'user_id' (uncaught exception) at /home/pcapprenant17/Documents/appCompta/src/DAO/Users_has_user_groupDAO.php line 24 {"exception":"[object] (Symfony\\Component\\Debug\\Exception\\ContextErrorException(code: 0): Warning: Illegal string offset 'user_id' at /home/pcapprenant17/Documents/appCompta/src/DAO/Users_has_user_groupDAO.php:24)"} []
[2016-10-21 11:50:21] appCompta.INFO: < 500 [] []
[2016-10-21 11:51:07] appCompta.INFO: Matched route "users_api". {"route_parameters":{"_controller":"appCompta\\Controller\\UserController::getAllUsers","_route":"users_api"},"request_uri":"http://appcompta/api/users"} []
[2016-10-21 11:51:07] appCompta.INFO: > GET /api/users [] []
[2016-10-21 11:51:07] appCompta.CRITICAL: Symfony\Component\Debug\Exception\ContextErrorException: Notice: Undefined offset: 2 (uncaught exception) at /home/pcapprenant17/Documents/appCompta/src/Controller/UserController.php line 36 {"exception":"[object] (Symfony\\Component\\Debug\\Exception\\ContextErrorException(code: 0): Notice: Undefined offset: 2 at /home/pcapprenant17/Documents/appCompta/src/Controller/UserController.php:36)"} []
[2016-10-21 11:51:07] appCompta.INFO: < 500 [] []
[2016-10-21 11:51:21] appCompta.INFO: Matched route "users_api". {"route_parameters":{"_controller":"appCompta\\Controller\\UserController::getAllUsers","_route":"users_api"},"request_uri":"http://appcompta/api/users"} []
[2016-10-21 11:51:21] appCompta.INFO: > GET /api/users [] []
[2016-10-21 11:53:33] appCompta.INFO: Matched route "users_api". {"route_parameters":{"_controller":"appCompta\\Controller\\UserController::getAllUsers","_route":"users_api"},"request_uri":"http://appcompta/api/users"} []
[2016-10-21 11:53:33] appCompta.INFO: > GET /api/users [] []
[2016-10-21 11:53:41] appCompta.INFO: Matched route "users_api". {"route_parameters":{"_controller":"appCompta\\Controller\\UserController::getAllUsers","_route":"users_api"},"request_uri":"http://appcompta/api/users"} []
[2016-10-21 11:53:41] appCompta.INFO: > GET /api/users [] []
[2016-10-21 11:53:41] appCompta.CRITICAL: Symfony\Component\Debug\Exception\ContextErrorException: Notice: Undefined offset: 2 (uncaught exception) at /home/pcapprenant17/Documents/appCompta/src/Controller/UserController.php line 36 {"exception":"[object] (Symfony\\Component\\Debug\\Exception\\ContextErrorException(code: 0): Notice: Undefined offset: 2 at /home/pcapprenant17/Documents/appCompta/src/Controller/UserController.php:36)"} []
[2016-10-21 11:53:41] appCompta.INFO: < 500 [] []
[2016-10-21 11:54:37] appCompta.INFO: Matched route "users_api". {"route_parameters":{"_controller":"appCompta\\Controller\\UserController::getAllUsers","_route":"users_api"},"request_uri":"http://appcompta/api/users"} []
[2016-10-21 11:54:37] appCompta.INFO: > GET /api/users [] []
[2016-10-21 11:55:05] appCompta.INFO: Matched route "users_api". {"route_parameters":{"_controller":"appCompta\\Controller\\UserController::getAllUsers","_route":"users_api"},"request_uri":"http://appcompta/api/users"} []
[2016-10-21 11:55:05] appCompta.INFO: > GET /api/users [] []
[2016-10-21 11:55:06] appCompta.INFO: Matched route "users_api". {"route_parameters":{"_controller":"appCompta\\Controller\\UserController::getAllUsers","_route":"users_api"},"request_uri":"http://appcompta/api/users"} []
[2016-10-21 11:55:06] appCompta.INFO: > GET /api/users [] []
[2016-10-21 11:57:03] appCompta.INFO: Matched route "users_api". {"route_parameters":{"_controller":"appCompta\\Controller\\UserController::getAllUsers","_route":"users_api"},"request_uri":"http://appcompta/api/users"} []
[2016-10-21 11:57:03] appCompta.INFO: > GET /api/users [] []
[2016-10-21 11:57:03] appCompta.CRITICAL: Symfony\Component\Debug\Exception\ContextErrorException: Notice: Undefined variable: id (uncaught exception) at /home/pcapprenant17/Documents/appCompta/src/DAO/Users_has_user_groupDAO.php line 16 {"exception":"[object] (Symfony\\Component\\Debug\\Exception\\ContextErrorException(code: 0): Notice: Undefined variable: id at /home/pcapprenant17/Documents/appCompta/src/DAO/Users_has_user_groupDAO.php:16)"} []
[2016-10-21 11:57:03] appCompta.INFO: < 500 [] []
[2016-10-21 11:58:18] appCompta.INFO: Matched route "users_api". {"route_parameters":{"_controller":"appCompta\\Controller\\UserController::getAllUsers","_route":"users_api"},"request_uri":"http://appcompta/api/users"} []
[2016-10-21 11:58:18] appCompta.INFO: > GET /api/users [] []
[2016-10-21 11:58:18] appCompta.CRITICAL: Symfony\Component\Debug\Exception\ContextErrorException: Notice: Undefined offset: 1 (uncaught exception) at /home/pcapprenant17/Documents/appCompta/src/Controller/UserController.php line 36 {"exception":"[object] (Symfony\\Component\\Debug\\Exception\\ContextErrorException(code: 0): Notice: Undefined offset: 1 at /home/pcapprenant17/Documents/appCompta/src/Controller/UserController.php:36)"} []
[2016-10-21 11:58:18] appCompta.INFO: < 500 [] []
[2016-10-21 12:00:21] appCompta.INFO: Matched route "users_api". {"route_parameters":{"_controller":"appCompta\\Controller\\UserController::getAllUsers","_route":"users_api"},"request_uri":"http://appcompta/api/users"} []
[2016-10-21 12:00:21] appCompta.INFO: > GET /api/users [] []
[2016-10-21 12:00:22] appCompta.INFO: Matched route "users_api". {"route_parameters":{"_controller":"appCompta\\Controller\\UserController::getAllUsers","_route":"users_api"},"request_uri":"http://appcompta/api/users"} []
[2016-10-21 12:00:22] appCompta.INFO: > GET /api/users [] []
[2016-10-21 12:00:38] appCompta.INFO: Matched route "users_api". {"route_parameters":{"_controller":"appCompta\\Controller\\UserController::getAllUsers","_route":"users_api"},"request_uri":"http://appcompta/api/users"} []
[2016-10-21 12:00:38] appCompta.INFO: > GET /api/users [] []
[2016-10-21 12:00:38] appCompta.CRITICAL: Symfony\Component\Debug\Exception\ContextErrorException: Notice: Undefined offset: 1 (uncaught exception) at /home/pcapprenant17/Documents/appCompta/src/Controller/UserController.php line 36 {"exception":"[object] (Symfony\\Component\\Debug\\Exception\\ContextErrorException(code: 0): Notice: Undefined offset: 1 at /home/pcapprenant17/Documents/appCompta/src/Controller/UserController.php:36)"} []
[2016-10-21 12:00:38] appCompta.INFO: < 500 [] []
[2016-10-21 12:02:16] appCompta.INFO: Matched route "users_api". {"route_parameters":{"_controller":"appCompta\\Controller\\UserController::getAllUsers","_route":"users_api"},"request_uri":"http://appcompta/api/users"} []
[2016-10-21 12:02:16] appCompta.INFO: > GET /api/users [] []
[2016-10-21 12:03:31] appCompta.INFO: Matched route "users_api". {"route_parameters":{"_controller":"appCompta\\Controller\\UserController::getAllUsers","_route":"users_api"},"request_uri":"http://appcompta/api/users"} []
[2016-10-21 12:03:31] appCompta.INFO: > GET /api/users [] []
[2016-10-21 12:03:31] appCompta.CRITICAL: Symfony\Component\Debug\Exception\ContextErrorException: Notice: Undefined offset: 1 (uncaught exception) at /home/pcapprenant17/Documents/appCompta/src/Controller/UserController.php line 36 {"exception":"[object] (Symfony\\Component\\Debug\\Exception\\ContextErrorException(code: 0): Notice: Undefined offset: 1 at /home/pcapprenant17/Documents/appCompta/src/Controller/UserController.php:36)"} []
[2016-10-21 12:03:31] appCompta.INFO: < 500 [] []
[2016-10-21 12:04:04] appCompta.INFO: Matched route "users_api". {"route_parameters":{"_controller":"appCompta\\Controller\\UserController::getAllUsers","_route":"users_api"},"request_uri":"http://appcompta/api/users"} []
[2016-10-21 12:04:04] appCompta.INFO: > GET /api/users [] []
[2016-10-21 12:04:04] appCompta.CRITICAL: Symfony\Component\Debug\Exception\ContextErrorException: Notice: Undefined offset: 1 (uncaught exception) at /home/pcapprenant17/Documents/appCompta/src/Controller/UserController.php line 36 {"exception":"[object] (Symfony\\Component\\Debug\\Exception\\ContextErrorException(code: 0): Notice: Undefined offset: 1 at /home/pcapprenant17/Documents/appCompta/src/Controller/UserController.php:36)"} []
[2016-10-21 12:04:04] appCompta.INFO: < 500 [] []
[2016-10-21 12:04:34] appCompta.INFO: Matched route "users_api". {"route_parameters":{"_controller":"appCompta\\Controller\\UserController::getAllUsers","_route":"users_api"},"request_uri":"http://appcompta/api/users"} []
[2016-10-21 12:04:34] appCompta.INFO: > GET /api/users [] []
[2016-10-21 12:04:34] appCompta.CRITICAL: Symfony\Component\Debug\Exception\ContextErrorException: Notice: Undefined offset: 1 (uncaught exception) at /home/pcapprenant17/Documents/appCompta/src/Controller/UserController.php line 36 {"exception":"[object] (Symfony\\Component\\Debug\\Exception\\ContextErrorException(code: 0): Notice: Undefined offset: 1 at /home/pcapprenant17/Documents/appCompta/src/Controller/UserController.php:36)"} []
[2016-10-21 12:04:34] appCompta.INFO: < 500 [] []
[2016-10-21 12:05:41] appCompta.INFO: Matched route "users_api". {"route_parameters":{"_controller":"appCompta\\Controller\\UserController::getAllUsers","_route":"users_api"},"request_uri":"http://appcompta/api/users"} []
[2016-10-21 12:05:41] appCompta.INFO: > GET /api/users [] []
[2016-10-21 12:05:41] appCompta.CRITICAL: Symfony\Component\Debug\Exception\ContextErrorException: Notice: Undefined offset: 1 (uncaught exception) at /home/pcapprenant17/Documents/appCompta/src/Controller/UserController.php line 36 {"exception":"[object] (Symfony\\Component\\Debug\\Exception\\ContextErrorException(code: 0): Notice: Undefined offset: 1 at /home/pcapprenant17/Documents/appCompta/src/Controller/UserController.php:36)"} []
[2016-10-21 12:05:41] appCompta.INFO: < 500 [] []
[2016-10-21 12:05:42] appCompta.INFO: Matched route "users_api". {"route_parameters":{"_controller":"appCompta\\Controller\\UserController::getAllUsers","_route":"users_api"},"request_uri":"http://appcompta/api/users"} []
[2016-10-21 12:05:42] appCompta.INFO: > GET /api/users [] []
[2016-10-21 12:05:42] appCompta.CRITICAL: Symfony\Component\Debug\Exception\ContextErrorException: Notice: Undefined offset: 1 (uncaught exception) at /home/pcapprenant17/Documents/appCompta/src/Controller/UserController.php line 36 {"exception":"[object] (Symfony\\Component\\Debug\\Exception\\ContextErrorException(code: 0): Notice: Undefined offset: 1 at /home/pcapprenant17/Documents/appCompta/src/Controller/UserController.php:36)"} []
[2016-10-21 12:05:42] appCompta.INFO: < 500 [] []
[2016-10-21 12:05:43] appCompta.INFO: Matched route "users_api". {"route_parameters":{"_controller":"appCompta\\Controller\\UserController::getAllUsers","_route":"users_api"},"request_uri":"http://appcompta/api/users"} []
[2016-10-21 12:05:43] appCompta.INFO: > GET /api/users [] []
[2016-10-21 12:05:43] appCompta.CRITICAL: Symfony\Component\Debug\Exception\ContextErrorException: Notice: Undefined offset: 1 (uncaught exception) at /home/pcapprenant17/Documents/appCompta/src/Controller/UserController.php line 36 {"exception":"[object] (Symfony\\Component\\Debug\\Exception\\ContextErrorException(code: 0): Notice: Undefined offset: 1 at /home/pcapprenant17/Documents/appCompta/src/Controller/UserController.php:36)"} []
[2016-10-21 12:05:43] appCompta.INFO: < 500 [] []
[2016-10-21 12:05:43] appCompta.INFO: Matched route "users_api". {"route_parameters":{"_controller":"appCompta\\Controller\\UserController::getAllUsers","_route":"users_api"},"request_uri":"http://appcompta/api/users"} []
[2016-10-21 12:05:43] appCompta.INFO: > GET /api/users [] []
[2016-10-21 12:05:43] appCompta.CRITICAL: Symfony\Component\Debug\Exception\ContextErrorException: Notice: Undefined offset: 1 (uncaught exception) at /home/pcapprenant17/Documents/appCompta/src/Controller/UserController.php line 36 {"exception":"[object] (Symfony\\Component\\Debug\\Exception\\ContextErrorException(code: 0): Notice: Undefined offset: 1 at /home/pcapprenant17/Documents/appCompta/src/Controller/UserController.php:36)"} []
[2016-10-21 12:05:43] appCompta.INFO: < 500 [] []
[2016-10-21 12:06:52] appCompta.INFO: Matched route "users_api". {"route_parameters":{"_controller":"appCompta\\Controller\\UserController::getAllUsers","_route":"users_api"},"request_uri":"http://appcompta/api/users"} []
[2016-10-21 12:06:52] appCompta.INFO: > GET /api/users [] []
[2016-10-21 12:06:52] appCompta.INFO: < 200 [] []
[2016-10-21 12:09:46] appCompta.INFO: Matched route "users_api". {"route_parameters":{"_controller":"appCompta\\Controller\\UserController::getAllUsers","_route":"users_api"},"request_uri":"http://appcompta/api/users"} []
[2016-10-21 12:09:46] appCompta.INFO: > GET /api/users [] []
[2016-10-21 12:09:46] appCompta.INFO: < 200 [] []
[2016-10-21 12:14:35] appCompta.INFO: Matched route "users_api". {"route_parameters":{"_controller":"appCompta\\Controller\\UserController::getAllUsers","_route":"users_api"},"request_uri":"http://appcompta/api/users"} []
[2016-10-21 12:14:35] appCompta.INFO: > GET /api/users [] []
[2016-10-21 12:14:35] appCompta.INFO: < 200 [] []
[2016-10-21 12:20:17] appCompta.INFO: Matched route "user_api". {"route_parameters":{"_controller":"appCompta\\Controller\\UserController::getOneUser","id":"1","_route":"user_api"},"request_uri":"http://appcompta/api/user/1"} []
[2016-10-21 12:20:17] appCompta.INFO: > GET /api/user/1 [] []
[2016-10-21 12:20:17] appCompta.CRITICAL: Symfony\Component\Debug\Exception\ContextErrorException: Notice: Undefined variable: user2GroupArray (uncaught exception) at /home/pcapprenant17/Documents/appCompta/src/Controller/UserController.php line 50 {"exception":"[object] (Symfony\\Component\\Debug\\Exception\\ContextErrorException(code: 0): Notice: Undefined variable: user2GroupArray at /home/pcapprenant17/Documents/appCompta/src/Controller/UserController.php:50)"} []
[2016-10-21 12:20:17] appCompta.INFO: < 500 [] []
[2016-10-21 12:20:42] appCompta.INFO: Matched route "user_api". {"route_parameters":{"_controller":"appCompta\\Controller\\UserController::getOneUser","id":"1","_route":"user_api"},"request_uri":"http://appcompta/api/user/1"} []
[2016-10-21 12:20:42] appCompta.INFO: > GET /api/user/1 [] []
[2016-10-21 12:20:42] appCompta.INFO: < 200 [] []
[2016-10-21 12:20:44] appCompta.INFO: Matched route "user_api". {"route_parameters":{"_controller":"appCompta\\Controller\\UserController::getOneUser","id":"1","_route":"user_api"},"request_uri":"http://appcompta/api/user/1"} []
[2016-10-21 12:20:44] appCompta.INFO: > GET /api/user/1 [] []
[2016-10-21 12:20:44] appCompta.INFO: < 200 [] []
[2016-10-21 12:21:04] appCompta.INFO: Matched route "user_api". {"route_parameters":{"_controller":"appCompta\\Controller\\UserController::getOneUser","id":"2","_route":"user_api"},"request_uri":"http://appcompta/api/user/2"} []
[2016-10-21 12:21:04] appCompta.INFO: > GET /api/user/2 [] []
[2016-10-21 12:21:04] appCompta.INFO: < 200 [] []
[2016-10-21 12:21:34] appCompta.INFO: Matched route "user_api". {"route_parameters":{"_controller":"appCompta\\Controller\\UserController::getOneUser","id":"1","_route":"user_api"},"request_uri":"http://appcompta/api/user/1"} []
[2016-10-21 12:21:34] appCompta.INFO: > GET /api/user/1 [] []
[2016-10-21 12:21:34] appCompta.INFO: < 200 [] []
[2016-10-21 12:22:16] appCompta.INFO: Matched route "usersgroup_api". {"route_parameters":{"_controller":"appCompta\\Controller\\User_groupController::getAllGroup","_route":"usersgroup_api"},"request_uri":"http://appcompta/api/usersgroup"} []
[2016-10-21 12:22:16] appCompta.INFO: > GET /api/usersgroup [] []
[2016-10-21 12:22:16] appCompta.INFO: < 200 [] []
[2016-10-21 12:22:20] appCompta.INFO: Matched route "users_api". {"route_parameters":{"_controller":"appCompta\\Controller\\UserController::getAllUsers","_route":"users_api"},"request_uri":"http://appcompta/api/users"} []
[2016-10-21 12:22:20] appCompta.INFO: > GET /api/users [] []
[2016-10-21 12:22:20] appCompta.INFO: < 200 [] []
[2016-10-21 12:22:46] appCompta.INFO: Matched route "users_api". {"route_parameters":{"_controller":"appCompta\\Controller\\UserController::getAllUsers","_route":"users_api"},"request_uri":"http://appcompta/api/users"} []
[2016-10-21 12:22:46] appCompta.INFO: > GET /api/users [] []
[2016-10-21 12:22:46] appCompta.INFO: < 200 [] []
